modules/blockporna-vpn/android/build/intermediates/manifest_merge_blame_file/debug/processDebugManifest/manifest-merger-blame-debug-report.txt
1<?xml version="1.0" encoding="utf-8"?>
2<manifest xmlns:android="http://schemas.android.com/apk/res/android"
3    package="expo.modules.blockpornavpn" >
4
5    <uses-sdk android:minSdkVersion="24" />
6
7    <uses-permission android:name="android.permission.INTERNET" />
7-->src/main/AndroidManifest.xml:3:3-65
7-->src/main/AndroidManifest.xml:3:20-62
8    <uses-permission android:name="android.permission.ACCESS_NETWORK_STATE" />
8-->src/main/AndroidManifest.xml:4:3-77
8-->src/main/AndroidManifest.xml:4:20-74
9    <uses-permission android:name="android.permission.FOREGROUND_SERVICE" />
9-->src/main/AndroidManifest.xml:5:3-75
9-->src/main/AndroidManifest.xml:5:20-72
10    <uses-permission android:name="android.permission.FOREGROUND_SERVICE_SPECIAL_USE" />
10-->src/main/AndroidManifest.xml:6:3-87
10-->src/main/AndroidManifest.xml:6:20-84
11    <uses-permission android:name="android.permission.POST_NOTIFICATIONS" />
11-->src/main/AndroidManifest.xml:7:3-75
11-->src/main/AndroidManifest.xml:7:20-72
12    <uses-permission android:name="android.permission.RECEIVE_BOOT_COMPLETED" />
12-->src/main/AndroidManifest.xml:8:3-79
12-->src/main/AndroidManifest.xml:8:20-76
13
14    <application>
14-->src/main/AndroidManifest.xml:10:3-61:17
15
16        <!--
17      The filtering engine. Android routes only the address ranges added by the service into this
18      tunnel; exported="true" is what lets the system use it for "Always-on VPN" as well, and it is
19      safe because only the system can hold BIND_VPN_SERVICE.
20        -->
21        <service
21-->src/main/AndroidManifest.xml:17:5-28:15
22            android:name="expo.modules.blockpornavpn.BlockPornaVpnService"
22-->src/main/AndroidManifest.xml:18:7-69
23            android:exported="true"
23-->src/main/AndroidManifest.xml:19:7-30
24            android:foregroundServiceType="specialUse"
24-->src/main/AndroidManifest.xml:21:7-49
25            android:permission="android.permission.BIND_VPN_SERVICE" >
25-->src/main/AndroidManifest.xml:20:7-63
26            <property
26-->src/main/AndroidManifest.xml:22:7-24:31
27                android:name="android.app.PROPERTY_SPECIAL_USE_FGS_SUBTYPE"
27-->src/main/AndroidManifest.xml:23:9-68
28                android:value="vpn" />
28-->src/main/AndroidManifest.xml:24:9-28
29
30            <intent-filter>
30-->src/main/AndroidManifest.xml:25:7-27:23
31                <action android:name="android.net.VpnService" />
31-->src/main/AndroidManifest.xml:26:9-57
31-->src/main/AndroidManifest.xml:26:17-54
32            </intent-filter>
33        </service>
34
35        <!-- Headless activity that carries the system VPN consent result back to JavaScript. -->
36        <activity
36-->src/main/AndroidManifest.xml:31:5-36:69
37            android:name="expo.modules.blockpornavpn.VpnConsentActivity"
37-->src/main/AndroidManifest.xml:32:7-67
38            android:excludeFromRecents="true"
38-->src/main/AndroidManifest.xml:33:7-40
39            android:exported="false"
39-->src/main/AndroidManifest.xml:34:7-31
40            android:noHistory="true"
40-->src/main/AndroidManifest.xml:35:7-31
41            android:theme="@android:style/Theme.Translucent.NoTitleBar" />
41-->src/main/AndroidManifest.xml:36:7-66
42
43        <receiver
43-->src/main/AndroidManifest.xml:38:5-46:16
44            android:name="expo.modules.blockpornavpn.BootReceiver"
44-->src/main/AndroidManifest.xml:39:7-61
45            android:enabled="true"
45-->src/main/AndroidManifest.xml:40:7-29
46            android:exported="false" >
46-->src/main/AndroidManifest.xml:41:7-31
47            <intent-filter>
47-->src/main/AndroidManifest.xml:42:7-45:23
48                <action android:name="android.intent.action.BOOT_COMPLETED" />
48-->src/main/AndroidManifest.xml:43:9-71
48-->src/main/AndroidManifest.xml:43:17-68
49                <action android:name="android.intent.action.MY_PACKAGE_REPLACED" />
49-->src/main/AndroidManifest.xml:44:9-76
49-->src/main/AndroidManifest.xml:44:17-73
50            </intent-filter>
51        </receiver>
52
53        <!-- Only used when the app is provisioned as device owner or profile owner. -->
54        <receiver
54-->src/main/AndroidManifest.xml:49:5-59:16
55            android:name="expo.modules.blockpornavpn.BlockPornaDeviceAdminReceiver"
55-->src/main/AndroidManifest.xml:50:7-78
56            android:exported="true"
56-->src/main/AndroidManifest.xml:51:7-30
57            android:permission="android.permission.BIND_DEVICE_ADMIN" >
57-->src/main/AndroidManifest.xml:52:7-64
58            <meta-data
58-->src/main/AndroidManifest.xml:53:7-55:59
59                android:name="android.app.device_admin"
59-->src/main/AndroidManifest.xml:54:9-48
60                android:resource="@xml/blockporna_device_admin" />
60-->src/main/AndroidManifest.xml:55:9-56
61
62            <intent-filter>
62-->src/main/AndroidManifest.xml:56:7-58:23
63                <action android:name="android.app.action.DEVICE_ADMIN_ENABLED" />
63-->src/main/AndroidManifest.xml:57:9-74
63-->src/main/AndroidManifest.xml:57:17-71
64            </intent-filter>
65        </receiver>
66    </application>
67
68</manifest>